<?xml version="1.0" encoding="UTF-8"?>
<!-- Generated by org.testng.reporters.JUnitReportReporter -->
<testsuite hostname="LAPTOP-6OACLVLF" failures="0" tests="1" name="stepDefinitions.TestRunner" time="19.435" errors="0" timestamp="2024-12-16T08:42:33 IST" skipped="0">
  <testcase classname="stepDefinitions.TestRunner" name="runScenario" time="19.435"/>
</testsuite> <!-- stepDefinitions.TestRunner -->
