<?xml version="1.0" encoding="UTF-8"?>
<!-- Generated by org.testng.reporters.JUnitReportReporter -->
<testsuite hostname="LAPTOP-6OACLVLF" failures="0" tests="1" name="stepDefinitions.TestRunner" time="17.655" errors="0" timestamp="2024-12-12T09:00:02 IST" skipped="0">
  <testcase classname="stepDefinitions.TestRunner" name="runScenario" time="17.655"/>
</testsuite> <!-- stepDefinitions.TestRunner -->
